[{"line":20,"elements":[{"start_timestamp":"2024-09-16T16:09:15.155Z","before":[{"result":{"error_message":"org.openqa.selenium.SessionNotCreatedException: Could not start a new session. Response code 500. Message: session not created: This version of ChromeDriver only supports Chrome version 114\nCurrent browser version is 128.0.6613.138 with binary path C:\\Program Files\\Google\\Chrome\\Application\\chrome.exe \nHost info: host: 'DESKTOP-OOIG3LG', ip: '192.168.1.3'\nBuild info: version: '4.22.0', revision: 'c5f3146703*'\nSystem info: os.name: 'Windows 11', os.arch: 'amd64', os.version: '10.0', java.version: '22.0.1'\nDriver info: org.openqa.selenium.chrome.ChromeDriver\nCommand: [null, newSession {capabilities=[Capabilities {browserName: chrome, goog:chromeOptions: {args: [], extensions: []}}]}]\r\n\tat org.openqa.selenium.remote.ProtocolHandshake.createSession(ProtocolHandshake.java:114)\r\n\tat org.openqa.selenium.remote.ProtocolHandshake.createSession(ProtocolHandshake.java:75)\r\n\tat org.openqa.selenium.remote.ProtocolHandshake.createSession(ProtocolHandshake.java:61)\r\n\tat org.openqa.selenium.remote.HttpCommandExecutor.execute(HttpCommandExecutor.java:162)\r\n\tat org.openqa.selenium.remote.service.DriverCommandExecutor.invokeExecute(DriverCommandExecutor.java:216)\r\n\tat org.openqa.selenium.remote.service.DriverCommandExecutor.execute(DriverCommandExecutor.java:174)\r\n\tat org.openqa.selenium.remote.RemoteWebDriver.execute(RemoteWebDriver.java:518)\r\n\tat org.openqa.selenium.remote.RemoteWebDriver.startSession(RemoteWebDriver.java:232)\r\n\tat org.openqa.selenium.remote.RemoteWebDriver.<init>(RemoteWebDriver.java:161)\r\n\tat org.openqa.selenium.chromium.ChromiumDriver.<init>(ChromiumDriver.java:114)\r\n\tat org.openqa.selenium.chrome.ChromeDriver.<init>(ChromeDriver.java:88)\r\n\tat org.openqa.selenium.chrome.ChromeDriver.<init>(ChromeDriver.java:83)\r\n\tat org.openqa.selenium.chrome.ChromeDriver.<init>(ChromeDriver.java:51)\r\n\tat StepDefinition.StepDef.setUp(StepDef.java:43)\r\n","duration":2318914600,"status":"failed"},"match":{"location":"StepDefinition.StepDef.setUp()"}}],"line":22,"name":"Sucessful login with valid UserID and Valid Password","description":"","id":"user-login-to-google;sucessful-login-with-valid-userid-and-valid-password","after":[{"result":{"error_message":"java.lang.NullPointerException: Cannot invoke \"org.openqa.selenium.TakesScreenshot.getScreenshotAs(org.openqa.selenium.OutputType)\" because \"TS\" is null\r\n\tat StepDefinition.StepDef.tearDown(StepDef.java:144)\r\n","status":"failed"},"match":{"location":"StepDefinition.StepDef.tearDown(io.cucumber.java.Scenario)"}},{"result":{"error_message":"java.lang.NullPointerException: Cannot invoke \"org.openqa.selenium.WebDriver.quit()\" because \"this.driver\" is null\r\n\tat StepDefinition.StepDef.closeWindow(StepDef.java:157)\r\n","duration":16071200,"status":"failed"},"match":{"location":"StepDefinition.StepDef.closeWindow()"}}],"type":"scenario","keyword":"Scenario","steps":[{"result":{"status":"skipped"},"line":23,"name":"User launch Chrome browser","match":{"location":"StepDefinition.StepDef.user_launch_chrome_browser()"},"keyword":"Given "},{"result":{"status":"skipped"},"line":24,"name":"User opens URL \"https://www.saucedemo.com/\"","match":{"arguments":[{"val":"\"https://www.saucedemo.com/\"","offset":15}],"location":"StepDefinition.StepDef.user_opens_url(java.lang.String)"},"keyword":"When "},{"result":{"status":"skipped"},"line":25,"name":"User enter valid userID as \"standard_user\" and password as \"secret_sauce\"","match":{"arguments":[{"val":"\"standard_user\"","offset":27},{"val":"\"secret_sauce\"","offset":59}],"location":"StepDefinition.StepDef.user_enter_valid_user_id_as_and_password_as(java.lang.String,java.lang.String)"},"keyword":"And "},{"result":{"status":"skipped"},"line":26,"name":"User clicks on login button.","match":{"location":"StepDefinition.StepDef.user_clicks_on_login_button()"},"keyword":"And "},{"result":{"status":"skipped"},"line":27,"name":"Page title should be \"Swag Labs\"","match":{"arguments":[{"val":"\"Swag Labs\"","offset":21}],"location":"StepDefinition.StepDef.page_title_should_be(java.lang.String)"},"keyword":"And "}],"tags":[{"name":"@tag"}]}],"name":"User login to google","description":"","id":"user-login-to-google","keyword":"Feature","uri":"file:Features/HomePage.feature","tags":[{"name":"@tag","type":"Tag","location":{"line":19,"column":1}}]},{"line":1,"elements":[{"start_timestamp":"2024-09-16T16:09:17.537Z","before":[{"result":{"error_message":"org.openqa.selenium.SessionNotCreatedException: Could not start a new session. Response code 500. Message: session not created: This version of ChromeDriver only supports Chrome version 114\nCurrent browser version is 128.0.6613.138 with binary path C:\\Program Files\\Google\\Chrome\\Application\\chrome.exe \nHost info: host: 'DESKTOP-OOIG3LG', ip: '192.168.1.3'\nBuild info: version: '4.22.0', revision: 'c5f3146703*'\nSystem info: os.name: 'Windows 11', os.arch: 'amd64', os.version: '10.0', java.version: '22.0.1'\nDriver info: org.openqa.selenium.chrome.ChromeDriver\nCommand: [null, newSession {capabilities=[Capabilities {browserName: chrome, goog:chromeOptions: {args: [], extensions: []}}]}]\r\n\tat org.openqa.selenium.remote.ProtocolHandshake.createSession(ProtocolHandshake.java:114)\r\n\tat org.openqa.selenium.remote.ProtocolHandshake.createSession(ProtocolHandshake.java:75)\r\n\tat org.openqa.selenium.remote.ProtocolHandshake.createSession(ProtocolHandshake.java:61)\r\n\tat org.openqa.selenium.remote.HttpCommandExecutor.execute(HttpCommandExecutor.java:162)\r\n\tat org.openqa.selenium.remote.service.DriverCommandExecutor.invokeExecute(DriverCommandExecutor.java:216)\r\n\tat org.openqa.selenium.remote.service.DriverCommandExecutor.execute(DriverCommandExecutor.java:174)\r\n\tat org.openqa.selenium.remote.RemoteWebDriver.execute(RemoteWebDriver.java:518)\r\n\tat org.openqa.selenium.remote.RemoteWebDriver.startSession(RemoteWebDriver.java:232)\r\n\tat org.openqa.selenium.remote.RemoteWebDriver.<init>(RemoteWebDriver.java:161)\r\n\tat org.openqa.selenium.chromium.ChromiumDriver.<init>(ChromiumDriver.java:114)\r\n\tat org.openqa.selenium.chrome.ChromeDriver.<init>(ChromeDriver.java:88)\r\n\tat org.openqa.selenium.chrome.ChromeDriver.<init>(ChromeDriver.java:83)\r\n\tat org.openqa.selenium.chrome.ChromeDriver.<init>(ChromeDriver.java:51)\r\n\tat StepDefinition.StepDef.setUp(StepDef.java:43)\r\n","duration":968526700,"status":"failed"},"match":{"location":"StepDefinition.StepDef.setUp()"}}],"line":3,"name":"Sucessful login with valid UserID and Valid Password","description":"","id":"login-to-testautmation-websites;sucessful-login-with-valid-userid-and-valid-password","after":[{"result":{"error_message":"java.lang.NullPointerException: Cannot invoke \"org.openqa.selenium.TakesScreenshot.getScreenshotAs(org.openqa.selenium.OutputType)\" because \"TS\" is null\r\n\tat StepDefinition.StepDef.tearDown(StepDef.java:144)\r\n","status":"failed"},"match":{"location":"StepDefinition.StepDef.tearDown(io.cucumber.java.Scenario)"}},{"result":{"error_message":"java.lang.NullPointerException: Cannot invoke \"org.openqa.selenium.WebDriver.quit()\" because \"this.driver\" is null\r\n\tat StepDefinition.StepDef.closeWindow(StepDef.java:157)\r\n","status":"failed"},"match":{"location":"StepDefinition.StepDef.closeWindow()"}}],"type":"scenario","keyword":"Scenario","steps":[{"result":{"status":"skipped"},"line":4,"name":"User launch Chrome browser","match":{"location":"StepDefinition.StepDef.user_launch_chrome_browser()"},"keyword":"Given "},{"result":{"status":"skipped"},"line":5,"name":"User opens URL \"https://www.saucedemo.com/\"","match":{"arguments":[{"val":"\"https://www.saucedemo.com/\"","offset":15}],"location":"StepDefinition.StepDef.user_opens_url(java.lang.String)"},"keyword":"When "},{"result":{"status":"skipped"},"line":6,"name":"User enter valid userID as \"standard_user\" and password as \"secret_sauce\"","match":{"arguments":[{"val":"\"standard_user\"","offset":27},{"val":"\"secret_sauce\"","offset":59}],"location":"StepDefinition.StepDef.user_enter_valid_user_id_as_and_password_as(java.lang.String,java.lang.String)"},"keyword":"And "},{"result":{"status":"skipped"},"line":7,"name":"User clicks on login button.","match":{"location":"StepDefinition.StepDef.user_clicks_on_login_button()"},"keyword":"And "},{"result":{"status":"skipped"},"line":8,"name":"Page title should be \"Swag Labs\"","match":{"arguments":[{"val":"\"Swag Labs\"","offset":21}],"location":"StepDefinition.StepDef.page_title_should_be(java.lang.String)"},"keyword":"Then "}]},{"start_timestamp":"2024-09-16T16:09:18.521Z","before":[{"result":{"error_message":"org.openqa.selenium.SessionNotCreatedException: Could not start a new session. Response code 500. Message: session not created: This version of ChromeDriver only supports Chrome version 114\nCurrent browser version is 128.0.6613.138 with binary path C:\\Program Files\\Google\\Chrome\\Application\\chrome.exe \nHost info: host: 'DESKTOP-OOIG3LG', ip: '192.168.1.3'\nBuild info: version: '4.22.0', revision: 'c5f3146703*'\nSystem info: os.name: 'Windows 11', os.arch: 'amd64', os.version: '10.0', java.version: '22.0.1'\nDriver info: org.openqa.selenium.chrome.ChromeDriver\nCommand: [null, newSession {capabilities=[Capabilities {browserName: chrome, goog:chromeOptions: {args: [], extensions: []}}]}]\r\n\tat org.openqa.selenium.remote.ProtocolHandshake.createSession(ProtocolHandshake.java:114)\r\n\tat org.openqa.selenium.remote.ProtocolHandshake.createSession(ProtocolHandshake.java:75)\r\n\tat org.openqa.selenium.remote.ProtocolHandshake.createSession(ProtocolHandshake.java:61)\r\n\tat org.openqa.selenium.remote.HttpCommandExecutor.execute(HttpCommandExecutor.java:162)\r\n\tat org.openqa.selenium.remote.service.DriverCommandExecutor.invokeExecute(DriverCommandExecutor.java:216)\r\n\tat org.openqa.selenium.remote.service.DriverCommandExecutor.execute(DriverCommandExecutor.java:174)\r\n\tat org.openqa.selenium.remote.RemoteWebDriver.execute(RemoteWebDriver.java:518)\r\n\tat org.openqa.selenium.remote.RemoteWebDriver.startSession(RemoteWebDriver.java:232)\r\n\tat org.openqa.selenium.remote.RemoteWebDriver.<init>(RemoteWebDriver.java:161)\r\n\tat org.openqa.selenium.chromium.ChromiumDriver.<init>(ChromiumDriver.java:114)\r\n\tat org.openqa.selenium.chrome.ChromeDriver.<init>(ChromeDriver.java:88)\r\n\tat org.openqa.selenium.chrome.ChromeDriver.<init>(ChromeDriver.java:83)\r\n\tat org.openqa.selenium.chrome.ChromeDriver.<init>(ChromeDriver.java:51)\r\n\tat StepDefinition.StepDef.setUp(StepDef.java:43)\r\n","duration":1004536600,"status":"failed"},"match":{"location":"StepDefinition.StepDef.setUp()"}}],"line":20,"name":"Sucessful login with valid UserID and Valid Password with ddt","description":"","id":"login-to-testautmation-websites;sucessful-login-with-valid-userid-and-valid-password-with-ddt;;2","after":[{"result":{"error_message":"java.lang.NullPointerException: Cannot invoke \"org.openqa.selenium.TakesScreenshot.getScreenshotAs(org.openqa.selenium.OutputType)\" because \"TS\" is null\r\n\tat StepDefinition.StepDef.tearDown(StepDef.java:144)\r\n","status":"failed"},"match":{"location":"StepDefinition.StepDef.tearDown(io.cucumber.java.Scenario)"}},{"result":{"error_message":"java.lang.NullPointerException: Cannot invoke \"org.openqa.selenium.WebDriver.quit()\" because \"this.driver\" is null\r\n\tat StepDefinition.StepDef.closeWindow(StepDef.java:157)\r\n","status":"failed"},"match":{"location":"StepDefinition.StepDef.closeWindow()"}}],"type":"scenario","keyword":"Scenario Outline","steps":[{"result":{"status":"skipped"},"line":12,"name":"User launch Chrome browser","match":{"location":"StepDefinition.StepDef.user_launch_chrome_browser()"},"keyword":"Given "},{"result":{"status":"skipped"},"line":13,"name":"User opens URL \"https://www.saucedemo.com/\"","match":{"arguments":[{"val":"\"https://www.saucedemo.com/\"","offset":15}],"location":"StepDefinition.StepDef.user_opens_url(java.lang.String)"},"keyword":"When "},{"result":{"status":"skipped"},"line":14,"name":"User enter valid userID as \"standard_user\" and password as \"secret_sauce\"","match":{"arguments":[{"val":"\"standard_user\"","offset":27},{"val":"\"secret_sauce\"","offset":59}],"location":"StepDefinition.StepDef.user_enter_valid_user_id_as_and_password_as(java.lang.String,java.lang.String)"},"keyword":"And "},{"result":{"status":"skipped"},"line":15,"name":"User clicks on login button.","match":{"location":"StepDefinition.StepDef.user_clicks_on_login_button()"},"keyword":"And "},{"result":{"status":"skipped"},"line":16,"name":"Page title should be \"Swag Labs\"","match":{"arguments":[{"val":"\"Swag Labs\"","offset":21}],"location":"StepDefinition.StepDef.page_title_should_be(java.lang.String)"},"keyword":"Then "}]},{"start_timestamp":"2024-09-16T16:09:19.549Z","before":[{"result":{"error_message":"org.openqa.selenium.SessionNotCreatedException: Could not start a new session. Response code 500. Message: session not created: This version of ChromeDriver only supports Chrome version 114\nCurrent browser version is 128.0.6613.138 with binary path C:\\Program Files\\Google\\Chrome\\Application\\chrome.exe \nHost info: host: 'DESKTOP-OOIG3LG', ip: '192.168.1.3'\nBuild info: version: '4.22.0', revision: 'c5f3146703*'\nSystem info: os.name: 'Windows 11', os.arch: 'amd64', os.version: '10.0', java.version: '22.0.1'\nDriver info: org.openqa.selenium.chrome.ChromeDriver\nCommand: [null, newSession {capabilities=[Capabilities {browserName: chrome, goog:chromeOptions: {args: [], extensions: []}}]}]\r\n\tat org.openqa.selenium.remote.ProtocolHandshake.createSession(ProtocolHandshake.java:114)\r\n\tat org.openqa.selenium.remote.ProtocolHandshake.createSession(ProtocolHandshake.java:75)\r\n\tat org.openqa.selenium.remote.ProtocolHandshake.createSession(ProtocolHandshake.java:61)\r\n\tat org.openqa.selenium.remote.HttpCommandExecutor.execute(HttpCommandExecutor.java:162)\r\n\tat org.openqa.selenium.remote.service.DriverCommandExecutor.invokeExecute(DriverCommandExecutor.java:216)\r\n\tat org.openqa.selenium.remote.service.DriverCommandExecutor.execute(DriverCommandExecutor.java:174)\r\n\tat org.openqa.selenium.remote.RemoteWebDriver.execute(RemoteWebDriver.java:518)\r\n\tat org.openqa.selenium.remote.RemoteWebDriver.startSession(RemoteWebDriver.java:232)\r\n\tat org.openqa.selenium.remote.RemoteWebDriver.<init>(RemoteWebDriver.java:161)\r\n\tat org.openqa.selenium.chromium.ChromiumDriver.<init>(ChromiumDriver.java:114)\r\n\tat org.openqa.selenium.chrome.ChromeDriver.<init>(ChromeDriver.java:88)\r\n\tat org.openqa.selenium.chrome.ChromeDriver.<init>(ChromeDriver.java:83)\r\n\tat org.openqa.selenium.chrome.ChromeDriver.<init>(ChromeDriver.java:51)\r\n\tat StepDefinition.StepDef.setUp(StepDef.java:43)\r\n","duration":986470200,"status":"failed"},"match":{"location":"StepDefinition.StepDef.setUp()"}}],"line":21,"name":"Sucessful login with valid UserID and Valid Password with ddt","description":"","id":"login-to-testautmation-websites;sucessful-login-with-valid-userid-and-valid-password-with-ddt;;3","after":[{"result":{"error_message":"java.lang.NullPointerException: Cannot invoke \"org.openqa.selenium.TakesScreenshot.getScreenshotAs(org.openqa.selenium.OutputType)\" because \"TS\" is null\r\n\tat StepDefinition.StepDef.tearDown(StepDef.java:144)\r\n","status":"failed"},"match":{"location":"StepDefinition.StepDef.tearDown(io.cucumber.java.Scenario)"}},{"result":{"error_message":"java.lang.NullPointerException: Cannot invoke \"org.openqa.selenium.WebDriver.quit()\" because \"this.driver\" is null\r\n\tat StepDefinition.StepDef.closeWindow(StepDef.java:157)\r\n","status":"failed"},"match":{"location":"StepDefinition.StepDef.closeWindow()"}}],"type":"scenario","keyword":"Scenario Outline","steps":[{"result":{"status":"skipped"},"line":12,"name":"User launch Chrome browser","match":{"location":"StepDefinition.StepDef.user_launch_chrome_browser()"},"keyword":"Given "},{"result":{"status":"skipped"},"line":13,"name":"User opens URL \"https://www.saucedemo.com/\"","match":{"arguments":[{"val":"\"https://www.saucedemo.com/\"","offset":15}],"location":"StepDefinition.StepDef.user_opens_url(java.lang.String)"},"keyword":"When "},{"result":{"status":"skipped"},"line":14,"name":"User enter valid userID as \"locked_out_user\" and password as \"secret_sauce\"","match":{"arguments":[{"val":"\"locked_out_user\"","offset":27},{"val":"\"secret_sauce\"","offset":61}],"location":"StepDefinition.StepDef.user_enter_valid_user_id_as_and_password_as(java.lang.String,java.lang.String)"},"keyword":"And "},{"result":{"status":"skipped"},"line":15,"name":"User clicks on login button.","match":{"location":"StepDefinition.StepDef.user_clicks_on_login_button()"},"keyword":"And "},{"result":{"status":"skipped"},"line":16,"name":"Page title should be \"Swag Labs\"","match":{"arguments":[{"val":"\"Swag Labs\"","offset":21}],"location":"StepDefinition.StepDef.page_title_should_be(java.lang.String)"},"keyword":"Then "}]},{"start_timestamp":"2024-09-16T16:09:20.550Z","before":[{"result":{"error_message":"org.openqa.selenium.SessionNotCreatedException: Could not start a new session. Response code 500. Message: session not created: This version of ChromeDriver only supports Chrome version 114\nCurrent browser version is 128.0.6613.138 with binary path C:\\Program Files\\Google\\Chrome\\Application\\chrome.exe \nHost info: host: 'DESKTOP-OOIG3LG', ip: '192.168.1.3'\nBuild info: version: '4.22.0', revision: 'c5f3146703*'\nSystem info: os.name: 'Windows 11', os.arch: 'amd64', os.version: '10.0', java.version: '22.0.1'\nDriver info: org.openqa.selenium.chrome.ChromeDriver\nCommand: [null, newSession {capabilities=[Capabilities {browserName: chrome, goog:chromeOptions: {args: [], extensions: []}}]}]\r\n\tat org.openqa.selenium.remote.ProtocolHandshake.createSession(ProtocolHandshake.java:114)\r\n\tat org.openqa.selenium.remote.ProtocolHandshake.createSession(ProtocolHandshake.java:75)\r\n\tat org.openqa.selenium.remote.ProtocolHandshake.createSession(ProtocolHandshake.java:61)\r\n\tat org.openqa.selenium.remote.HttpCommandExecutor.execute(HttpCommandExecutor.java:162)\r\n\tat org.openqa.selenium.remote.service.DriverCommandExecutor.invokeExecute(DriverCommandExecutor.java:216)\r\n\tat org.openqa.selenium.remote.service.DriverCommandExecutor.execute(DriverCommandExecutor.java:174)\r\n\tat org.openqa.selenium.remote.RemoteWebDriver.execute(RemoteWebDriver.java:518)\r\n\tat org.openqa.selenium.remote.RemoteWebDriver.startSession(RemoteWebDriver.java:232)\r\n\tat org.openqa.selenium.remote.RemoteWebDriver.<init>(RemoteWebDriver.java:161)\r\n\tat org.openqa.selenium.chromium.ChromiumDriver.<init>(ChromiumDriver.java:114)\r\n\tat org.openqa.selenium.chrome.ChromeDriver.<init>(ChromeDriver.java:88)\r\n\tat org.openqa.selenium.chrome.ChromeDriver.<init>(ChromeDriver.java:83)\r\n\tat org.openqa.selenium.chrome.ChromeDriver.<init>(ChromeDriver.java:51)\r\n\tat StepDefinition.StepDef.setUp(StepDef.java:43)\r\n","duration":1022295000,"status":"failed"},"match":{"location":"StepDefinition.StepDef.setUp()"}}],"line":22,"name":"Sucessful login with valid UserID and Valid Password with ddt","description":"","id":"login-to-testautmation-websites;sucessful-login-with-valid-userid-and-valid-password-with-ddt;;4","after":[{"result":{"error_message":"java.lang.NullPointerException: Cannot invoke \"org.openqa.selenium.TakesScreenshot.getScreenshotAs(org.openqa.selenium.OutputType)\" because \"TS\" is null\r\n\tat StepDefinition.StepDef.tearDown(StepDef.java:144)\r\n","status":"failed"},"match":{"location":"StepDefinition.StepDef.tearDown(io.cucumber.java.Scenario)"}},{"result":{"error_message":"java.lang.NullPointerException: Cannot invoke \"org.openqa.selenium.WebDriver.quit()\" because \"this.driver\" is null\r\n\tat StepDefinition.StepDef.closeWindow(StepDef.java:157)\r\n","status":"failed"},"match":{"location":"StepDefinition.StepDef.closeWindow()"}}],"type":"scenario","keyword":"Scenario Outline","steps":[{"result":{"status":"skipped"},"line":12,"name":"User launch Chrome browser","match":{"location":"StepDefinition.StepDef.user_launch_chrome_browser()"},"keyword":"Given "},{"result":{"status":"skipped"},"line":13,"name":"User opens URL \"https://www.saucedemo.com/\"","match":{"arguments":[{"val":"\"https://www.saucedemo.com/\"","offset":15}],"location":"StepDefinition.StepDef.user_opens_url(java.lang.String)"},"keyword":"When "},{"result":{"status":"skipped"},"line":14,"name":"User enter valid userID as \"problem_user\" and password as \"secret_sauce\"","match":{"arguments":[{"val":"\"problem_user\"","offset":27},{"val":"\"secret_sauce\"","offset":58}],"location":"StepDefinition.StepDef.user_enter_valid_user_id_as_and_password_as(java.lang.String,java.lang.String)"},"keyword":"And "},{"result":{"status":"skipped"},"line":15,"name":"User clicks on login button.","match":{"location":"StepDefinition.StepDef.user_clicks_on_login_button()"},"keyword":"And "},{"result":{"status":"skipped"},"line":16,"name":"Page title should be \"Swag Labs\"","match":{"arguments":[{"val":"\"Swag Labs\"","offset":21}],"location":"StepDefinition.StepDef.page_title_should_be(java.lang.String)"},"keyword":"Then "}]}],"name":"Login to testautmation websites","description":"","id":"login-to-testautmation-websites","keyword":"Feature","uri":"file:Features/LoginFeature.feature","tags":[]}]